<?xml version="1.0" encoding="utf-8"?>
<?xml-stylesheet type="text/xsl" href="../assets/xml/rss.xsl" media="all"?><rss version="2.0" xmlns:dc="http://purl.org/dc/elements/1.1/" xmlns:atom="http://www.w3.org/2005/Atom"><channel><title>ChiPy Coding Workshops (Posts about test post)</title><link>https://chicagopython.github.io/</link><description></description><atom:link href="https://chicagopython.github.io/categories/test-post.xml" rel="self" type="application/rss+xml"></atom:link><language>en</language><copyright>Contents Â© 2019 &lt;a href="mailto:chicago-sig-organizers@python.org"&gt;Chicago Python User Group&lt;/a&gt; 
&lt;a rel="license" href="https://www.gnu.org/licenses/gpl-3.0.en.html"&gt;
&lt;img alt="Gnu Public License version 3.0"
style="border-width:0;"
src="https://www.gnu.org/graphics/gplv3-with-text-84x42.png"&gt;&lt;/a&gt;</copyright><lastBuildDate>Sun, 17 Mar 2019 05:04:34 GMT</lastBuildDate><generator>Nikola (getnikola.com)</generator><docs>http://blogs.law.harvard.edu/tech/rss</docs><item><title>T test</title><link>https://chicagopython.github.io/posts/t-test/</link><dc:creator>Chicago Python User Group</dc:creator><description>&lt;div&gt;&lt;h2&gt;Heading&lt;/h2&gt;
&lt;p&gt;The python should be deployed.&lt;/p&gt;&lt;/div&gt;</description><category>test post</category><guid>https://chicagopython.github.io/posts/t-test/</guid><pubDate>Sun, 17 Mar 2019 04:59:16 GMT</pubDate></item></channel></rss>